<?xml version="1.0" encoding="UTF-8"?>
<!-- Generated by org.testng.reporters.JUnitReportReporter -->
<testsuite hostname="Rafael-Predator" failures="0" tests="1" name="tests.GetExamples" time="2.760" errors="0" timestamp="2021-02-17T02:19:09 BRT" skipped="0">
  <testcase classname="tests.GetExamples" name="testGetTen" time="2.760"/>
  <system-out/>
</testsuite> <!-- tests.GetExamples -->
