<?xml version="1.0" encoding="UTF-8"?>
<!-- Generated by org.testng.reporters.JUnitReportReporter -->
<testsuite hostname="Rafael-Predator" failures="0" tests="1" name="tests.GetAndPostExamples" time="2.632" errors="0" timestamp="2021-02-16T16:35:53 BRT" skipped="0">
  <testcase classname="tests.GetAndPostExamples" name="testGetOne" time="2.632"/>
  <system-out/>
</testsuite> <!-- tests.GetAndPostExamples -->
